Model: "lstm_parametrizer"
_________________________________________________________________
Layer (type)                 Output Shape              Param #   
=================================================================
lstm (LSTM)                  (None, 128)               67584     
_________________________________________________________________
dense (Dense)                (None, 1095)              141255    
=================================================================
Total params: 208,839
Trainable params: 208,839
Non-trainable params: 0
_________________________________________________________________
Start of epoch 0
tf.Tensor(139.29646, shape=(), dtype=float32)
tf.Tensor(4.3450265, shape=(), dtype=float32)
tf.Tensor(36.898285, shape=(), dtype=float32)

 Epoch 0: Train loss: 200.3918  Validation Loss: 144.0105, Train NSE: -0.6175, Validation NSE -0.1739
Time taken for epoch 0 is 0.56 minutes
Start of epoch 1
tf.Tensor(73.620384, shape=(), dtype=float32)
tf.Tensor(3.0832996, shape=(), dtype=float32)
tf.Tensor(37.491665, shape=(), dtype=float32)

 Epoch 1: Train loss: 113.2814  Validation Loss: 77.0786, Train NSE: 0.0290, Validation NSE 0.1670
Time taken for epoch 1 is 0.13 minutes
Start of epoch 2
tf.Tensor(35.376244, shape=(), dtype=float32)
tf.Tensor(2.3536947, shape=(), dtype=float32)
tf.Tensor(40.968143, shape=(), dtype=float32)

 Epoch 2: Train loss: 58.7172  Validation Loss: 38.1396, Train NSE: 0.2421, Validation NSE 0.3641
Time taken for epoch 2 is 0.12 minutes
Start of epoch 3
tf.Tensor(16.135464, shape=(), dtype=float32)
tf.Tensor(2.3640034, shape=(), dtype=float32)
tf.Tensor(35.448357, shape=(), dtype=float32)

 Epoch 3: Train loss: 28.5795  Validation Loss: 18.8540, Train NSE: 0.4670, Validation NSE 0.3613
Time taken for epoch 3 is 0.13 minutes
Start of epoch 4
tf.Tensor(7.6629295, shape=(), dtype=float32)
tf.Tensor(2.1260936, shape=(), dtype=float32)
tf.Tensor(43.481556, shape=(), dtype=float32)

 Epoch 4: Train loss: 14.5665  Validation Loss: 10.2238, Train NSE: 0.4726, Validation NSE 0.4256
Time taken for epoch 4 is 0.13 minutes
Start of epoch 5
tf.Tensor(4.145131, shape=(), dtype=float32)
tf.Tensor(1.956946, shape=(), dtype=float32)
tf.Tensor(40.350056, shape=(), dtype=float32)

 Epoch 5: Train loss: 8.2247  Validation Loss: 6.5056, Train NSE: 0.5620, Validation NSE 0.4713
Time taken for epoch 5 is 0.12 minutes
Start of epoch 6
tf.Tensor(2.801967, shape=(), dtype=float32)
tf.Tensor(3.0736978, shape=(), dtype=float32)
tf.Tensor(32.99759, shape=(), dtype=float32)

 Epoch 6: Train loss: 6.8278  Validation Loss: 6.2056, Train NSE: 0.3375, Validation NSE 0.1696
Time taken for epoch 6 is 0.12 minutes
Start of epoch 7
tf.Tensor(2.2556372, shape=(), dtype=float32)
tf.Tensor(2.3307526, shape=(), dtype=float32)
tf.Tensor(32.105038, shape=(), dtype=float32)

 Epoch 7: Train loss: 5.9783  Validation Loss: 4.9074, Train NSE: 0.2646, Validation NSE 0.3703
Time taken for epoch 7 is 0.12 minutes
Start of epoch 8
tf.Tensor(1.8583889, shape=(), dtype=float32)
tf.Tensor(2.6272004, shape=(), dtype=float32)
tf.Tensor(32.81288, shape=(), dtype=float32)

 Epoch 8: Train loss: 5.0147  Validation Loss: 4.8137, Train NSE: 0.4064, Validation NSE 0.2902
Time taken for epoch 8 is 0.13 minutes
Start of epoch 9
tf.Tensor(1.5750617, shape=(), dtype=float32)
tf.Tensor(1.9005145, shape=(), dtype=float32)
tf.Tensor(33.775116, shape=(), dtype=float32)

 Epoch 9: Train loss: 4.2272  Validation Loss: 3.8133, Train NSE: 0.4228, Validation NSE 0.4865
Time taken for epoch 9 is 0.13 minutes
Start of epoch 10
tf.Tensor(1.3199248, shape=(), dtype=float32)
tf.Tensor(1.7797322, shape=(), dtype=float32)
tf.Tensor(36.989994, shape=(), dtype=float32)

 Epoch 10: Train loss: 3.6869  Validation Loss: 3.4696, Train NSE: 0.5761, Validation NSE 0.5192
Time taken for epoch 10 is 0.32 minutes
Start of epoch 11
tf.Tensor(1.1423852, shape=(), dtype=float32)
tf.Tensor(1.6619201, shape=(), dtype=float32)
tf.Tensor(39.636627, shape=(), dtype=float32)

 Epoch 11: Train loss: 3.3307  Validation Loss: 3.2007, Train NSE: 0.6151, Validation NSE 0.5510
Time taken for epoch 11 is 0.12 minutes
Start of epoch 12
tf.Tensor(1.0070949, shape=(), dtype=float32)
tf.Tensor(1.8752226, shape=(), dtype=float32)
tf.Tensor(39.59602, shape=(), dtype=float32)

 Epoch 12: Train loss: 3.0736  Validation Loss: 3.2783, Train NSE: 0.6671, Validation NSE 0.4934
Time taken for epoch 12 is 0.12 minutes
Start of epoch 13
tf.Tensor(0.8702662, shape=(), dtype=float32)
tf.Tensor(1.4298108, shape=(), dtype=float32)
tf.Tensor(38.594273, shape=(), dtype=float32)

 Epoch 13: Train loss: 2.9403  Validation Loss: 2.6860, Train NSE: 0.6704, Validation NSE 0.6137
Time taken for epoch 13 is 0.13 minutes
Start of epoch 14
tf.Tensor(0.8720083, shape=(), dtype=float32)
tf.Tensor(1.693533, shape=(), dtype=float32)
tf.Tensor(38.259346, shape=(), dtype=float32)

 Epoch 14: Train loss: 2.9749  Validation Loss: 2.9481, Train NSE: 0.6537, Validation NSE 0.5425
Time taken for epoch 14 is 0.12 minutes
Start of epoch 15
tf.Tensor(0.800556, shape=(), dtype=float32)
tf.Tensor(1.6947, shape=(), dtype=float32)
tf.Tensor(37.238224, shape=(), dtype=float32)

 Epoch 15: Train loss: 2.9821  Validation Loss: 2.8676, Train NSE: 0.6138, Validation NSE 0.5421
Time taken for epoch 15 is 0.13 minutes
Start of epoch 16
tf.Tensor(0.7843423, shape=(), dtype=float32)
tf.Tensor(1.3616611, shape=(), dtype=float32)
tf.Tensor(37.15416, shape=(), dtype=float32)

 Epoch 16: Train loss: 2.8304  Validation Loss: 2.5175, Train NSE: 0.6048, Validation NSE 0.6321
Time taken for epoch 16 is 0.12 minutes
Start of epoch 17
tf.Tensor(0.7159401, shape=(), dtype=float32)
tf.Tensor(1.7091199, shape=(), dtype=float32)
tf.Tensor(34.958736, shape=(), dtype=float32)

 Epoch 17: Train loss: 2.7293  Validation Loss: 2.7746, Train NSE: 0.6427, Validation NSE 0.5382
Time taken for epoch 17 is 0.12 minutes
Start of epoch 18
tf.Tensor(0.7103834, shape=(), dtype=float32)
tf.Tensor(1.4846091, shape=(), dtype=float32)
tf.Tensor(39.085903, shape=(), dtype=float32)

 Epoch 18: Train loss: 2.7049  Validation Loss: 2.5859, Train NSE: 0.6939, Validation NSE 0.5989
Time taken for epoch 18 is 0.12 minutes
Start of epoch 19
tf.Tensor(0.64925444, shape=(), dtype=float32)
tf.Tensor(1.8908948, shape=(), dtype=float32)
tf.Tensor(40.25872, shape=(), dtype=float32)

 Epoch 19: Train loss: 2.6027  Validation Loss: 2.9427, Train NSE: 0.6998, Validation NSE 0.4891
Time taken for epoch 19 is 0.13 minutes
Start of epoch 20
tf.Tensor(0.6388508, shape=(), dtype=float32)
tf.Tensor(1.5885774, shape=(), dtype=float32)
tf.Tensor(35.909348, shape=(), dtype=float32)

 Epoch 20: Train loss: 2.7391  Validation Loss: 2.5865, Train NSE: 0.6021, Validation NSE 0.5708
Time taken for epoch 20 is 0.32 minutes
Start of epoch 21
tf.Tensor(0.64549375, shape=(), dtype=float32)
tf.Tensor(1.6022396, shape=(), dtype=float32)
tf.Tensor(37.4594, shape=(), dtype=float32)

 Epoch 21: Train loss: 2.6194  Validation Loss: 2.6223, Train NSE: 0.6710, Validation NSE 0.5671
Time taken for epoch 21 is 0.12 minutes
Start of epoch 22
tf.Tensor(0.66632694, shape=(), dtype=float32)
tf.Tensor(1.6132413, shape=(), dtype=float32)
tf.Tensor(41.18376, shape=(), dtype=float32)

 Epoch 22: Train loss: 2.6660  Validation Loss: 2.6914, Train NSE: 0.6502, Validation NSE 0.5642
Time taken for epoch 22 is 0.13 minutes
Start of epoch 23
tf.Tensor(0.6669823, shape=(), dtype=float32)
tf.Tensor(1.6212281, shape=(), dtype=float32)
tf.Tensor(40.061264, shape=(), dtype=float32)

 Epoch 23: Train loss: 2.7500  Validation Loss: 2.6888, Train NSE: 0.6204, Validation NSE 0.5620
Time taken for epoch 23 is 0.12 minutes
Start of epoch 24
tf.Tensor(0.6459916, shape=(), dtype=float32)
tf.Tensor(1.698075, shape=(), dtype=float32)
tf.Tensor(35.82882, shape=(), dtype=float32)

 Epoch 24: Train loss: 2.7921  Validation Loss: 2.7024, Train NSE: 0.5160, Validation NSE 0.5412
Time taken for epoch 24 is 0.13 minutes
Start of epoch 25
tf.Tensor(0.62157816, shape=(), dtype=float32)
tf.Tensor(1.6789573, shape=(), dtype=float32)
tf.Tensor(34.910484, shape=(), dtype=float32)

 Epoch 25: Train loss: 2.8798  Validation Loss: 2.6496, Train NSE: 0.6986, Validation NSE 0.5464
Time taken for epoch 25 is 0.12 minutes
Start of epoch 26
tf.Tensor(0.66812116, shape=(), dtype=float32)
tf.Tensor(1.5265458, shape=(), dtype=float32)
tf.Tensor(41.763218, shape=(), dtype=float32)

 Epoch 26: Train loss: 2.7410  Validation Loss: 2.6123, Train NSE: 0.6719, Validation NSE 0.5876
Time taken for epoch 26 is 0.13 minutes
Start of epoch 27
tf.Tensor(0.6702745, shape=(), dtype=float32)
tf.Tensor(1.599098, shape=(), dtype=float32)
tf.Tensor(37.954357, shape=(), dtype=float32)

 Epoch 27: Train loss: 2.9058  Validation Loss: 2.6489, Train NSE: 0.6394, Validation NSE 0.5680
Time taken for epoch 27 is 0.13 minutes
Start of epoch 28
tf.Tensor(0.6872872, shape=(), dtype=float32)
tf.Tensor(1.709598, shape=(), dtype=float32)
tf.Tensor(34.811348, shape=(), dtype=float32)

 Epoch 28: Train loss: 2.9820  Validation Loss: 2.7450, Train NSE: 0.5782, Validation NSE 0.5381
Time taken for epoch 28 is 0.13 minutes
Start of epoch 29
tf.Tensor(0.70803607, shape=(), dtype=float32)
tf.Tensor(1.6837686, shape=(), dtype=float32)
tf.Tensor(36.844467, shape=(), dtype=float32)

 Epoch 29: Train loss: 2.9459  Validation Loss: 2.7602, Train NSE: 0.6247, Validation NSE 0.5451
Time taken for epoch 29 is 0.12 minutes
Start of epoch 30
tf.Tensor(0.71923363, shape=(), dtype=float32)
tf.Tensor(1.5300472, shape=(), dtype=float32)
tf.Tensor(40.997425, shape=(), dtype=float32)

 Epoch 30: Train loss: 2.9321  Validation Loss: 2.6593, Train NSE: 0.6175, Validation NSE 0.5866
Time taken for epoch 30 is 0.37 minutes
Start of epoch 31
tf.Tensor(0.6537711, shape=(), dtype=float32)
tf.Tensor(1.5675516, shape=(), dtype=float32)
tf.Tensor(42.29281, shape=(), dtype=float32)

 Epoch 31: Train loss: 2.7067  Validation Loss: 2.6443, Train NSE: 0.6828, Validation NSE 0.5765
Time taken for epoch 31 is 0.13 minutes
Start of epoch 32
tf.Tensor(0.5988086, shape=(), dtype=float32)
tf.Tensor(1.5223362, shape=(), dtype=float32)
tf.Tensor(37.23497, shape=(), dtype=float32)

 Epoch 32: Train loss: 2.6527  Validation Loss: 2.4935, Train NSE: 0.6138, Validation NSE 0.5887
Time taken for epoch 32 is 0.13 minutes
Start of epoch 33
tf.Tensor(0.58679545, shape=(), dtype=float32)
tf.Tensor(1.3766915, shape=(), dtype=float32)
tf.Tensor(37.060482, shape=(), dtype=float32)

 Epoch 33: Train loss: 2.6986  Validation Loss: 2.3341, Train NSE: 0.6395, Validation NSE 0.6281
Time taken for epoch 33 is 0.13 minutes
Start of epoch 34
tf.Tensor(0.60006845, shape=(), dtype=float32)
tf.Tensor(1.5048612, shape=(), dtype=float32)
tf.Tensor(39.704124, shape=(), dtype=float32)

 Epoch 34: Train loss: 2.5997  Validation Loss: 2.5020, Train NSE: 0.6711, Validation NSE 0.5934
Time taken for epoch 34 is 0.12 minutes
Start of epoch 35
tf.Tensor(0.556527, shape=(), dtype=float32)
tf.Tensor(1.5226576, shape=(), dtype=float32)
tf.Tensor(34.306675, shape=(), dtype=float32)

 Epoch 35: Train loss: 2.7457  Validation Loss: 2.4223, Train NSE: 0.6434, Validation NSE 0.5886
Time taken for epoch 35 is 0.12 minutes
Start of epoch 36
tf.Tensor(0.56244475, shape=(), dtype=float32)
tf.Tensor(1.6351832, shape=(), dtype=float32)
tf.Tensor(39.220093, shape=(), dtype=float32)

 Epoch 36: Train loss: 2.5733  Validation Loss: 2.5898, Train NSE: 0.6812, Validation NSE 0.5582
Time taken for epoch 36 is 0.13 minutes
Start of epoch 37
tf.Tensor(0.569824, shape=(), dtype=float32)
tf.Tensor(1.724157, shape=(), dtype=float32)
tf.Tensor(39.46615, shape=(), dtype=float32)

 Epoch 37: Train loss: 2.5103  Validation Loss: 2.6886, Train NSE: 0.6916, Validation NSE 0.5342
Time taken for epoch 37 is 0.12 minutes
Start of epoch 38
tf.Tensor(0.5731918, shape=(), dtype=float32)
tf.Tensor(1.375715, shape=(), dtype=float32)
tf.Tensor(42.42367, shape=(), dtype=float32)

 Epoch 38: Train loss: 2.5423  Validation Loss: 2.3731, Train NSE: 0.6963, Validation NSE 0.6283
Time taken for epoch 38 is 0.13 minutes
Start of epoch 39
tf.Tensor(0.57775015, shape=(), dtype=float32)
tf.Tensor(1.3286287, shape=(), dtype=float32)
tf.Tensor(40.108135, shape=(), dtype=float32)

 Epoch 39: Train loss: 2.4826  Validation Loss: 2.3075, Train NSE: 0.6708, Validation NSE 0.6410
Time taken for epoch 39 is 0.14 minutes
Start of epoch 40
tf.Tensor(0.5242875, shape=(), dtype=float32)
tf.Tensor(1.3357193, shape=(), dtype=float32)
tf.Tensor(40.942352, shape=(), dtype=float32)

 Epoch 40: Train loss: 2.4355  Validation Loss: 2.2694, Train NSE: 0.6985, Validation NSE 0.6391
Time taken for epoch 40 is 0.31 minutes
Start of epoch 41
tf.Tensor(0.5006565, shape=(), dtype=float32)
tf.Tensor(1.384681, shape=(), dtype=float32)
tf.Tensor(42.39555, shape=(), dtype=float32)

 Epoch 41: Train loss: 2.3006  Validation Loss: 2.3093, Train NSE: 0.7183, Validation NSE 0.6259
Time taken for epoch 41 is 0.13 minutes
Start of epoch 42
tf.Tensor(0.48477572, shape=(), dtype=float32)
tf.Tensor(1.6967106, shape=(), dtype=float32)
tf.Tensor(41.82121, shape=(), dtype=float32)

 Epoch 42: Train loss: 2.3692  Validation Loss: 2.5997, Train NSE: 0.7090, Validation NSE 0.5416
Time taken for epoch 42 is 0.13 minutes
Start of epoch 43
tf.Tensor(0.49846017, shape=(), dtype=float32)
tf.Tensor(1.4019346, shape=(), dtype=float32)
tf.Tensor(41.37963, shape=(), dtype=float32)

 Epoch 43: Train loss: 2.4016  Validation Loss: 2.3142, Train NSE: 0.6621, Validation NSE 0.6212
Time taken for epoch 43 is 0.12 minutes
Start of epoch 44
tf.Tensor(0.49535257, shape=(), dtype=float32)
tf.Tensor(1.3779867, shape=(), dtype=float32)
tf.Tensor(41.57389, shape=(), dtype=float32)

 Epoch 44: Train loss: 2.4091  Validation Loss: 2.2891, Train NSE: 0.6782, Validation NSE 0.6277
Time taken for epoch 44 is 0.13 minutes
Start of epoch 45
tf.Tensor(0.48324883, shape=(), dtype=float32)
tf.Tensor(1.2857627, shape=(), dtype=float32)
tf.Tensor(42.394764, shape=(), dtype=float32)

 Epoch 45: Train loss: 2.3855  Validation Loss: 2.1930, Train NSE: 0.6983, Validation NSE 0.6526
Time taken for epoch 45 is 0.12 minutes
Start of epoch 46
tf.Tensor(0.4986561, shape=(), dtype=float32)
tf.Tensor(1.2982613, shape=(), dtype=float32)
tf.Tensor(41.778847, shape=(), dtype=float32)

 Epoch 46: Train loss: 2.5066  Validation Loss: 2.2147, Train NSE: 0.5954, Validation NSE 0.6492
Time taken for epoch 46 is 0.12 minutes
Start of epoch 47
tf.Tensor(0.51687455, shape=(), dtype=float32)
tf.Tensor(1.3556931, shape=(), dtype=float32)
tf.Tensor(40.279846, shape=(), dtype=float32)

 Epoch 47: Train loss: 2.4690  Validation Loss: 2.2754, Train NSE: 0.6957, Validation NSE 0.6337
Time taken for epoch 47 is 0.12 minutes
Start of epoch 48
tf.Tensor(0.4956353, shape=(), dtype=float32)
tf.Tensor(1.3225245, shape=(), dtype=float32)
tf.Tensor(40.98573, shape=(), dtype=float32)

 Epoch 48: Train loss: 2.3766  Validation Loss: 2.2280, Train NSE: 0.7039, Validation NSE 0.6427
Time taken for epoch 48 is 0.13 minutes
Start of epoch 49
tf.Tensor(0.47965142, shape=(), dtype=float32)
tf.Tensor(1.494375, shape=(), dtype=float32)
tf.Tensor(42.112267, shape=(), dtype=float32)

 Epoch 49: Train loss: 2.2691  Validation Loss: 2.3951, Train NSE: 0.7152, Validation NSE 0.5963
Time taken for epoch 49 is 0.14 minutes
Start of epoch 50
tf.Tensor(0.44140905, shape=(), dtype=float32)
tf.Tensor(1.6035647, shape=(), dtype=float32)
tf.Tensor(41.307182, shape=(), dtype=float32)

 Epoch 50: Train loss: 2.2432  Validation Loss: 2.4580, Train NSE: 0.7302, Validation NSE 0.5668
Time taken for epoch 50 is 0.31 minutes
Start of epoch 51
tf.Tensor(0.42761374, shape=(), dtype=float32)
tf.Tensor(1.3456278, shape=(), dtype=float32)
tf.Tensor(44.41533, shape=(), dtype=float32)

 Epoch 51: Train loss: 2.2415  Validation Loss: 2.2174, Train NSE: 0.7029, Validation NSE 0.6365
Time taken for epoch 51 is 0.12 minutes
Start of epoch 52
tf.Tensor(0.44111532, shape=(), dtype=float32)
tf.Tensor(1.4000428, shape=(), dtype=float32)
tf.Tensor(42.7607, shape=(), dtype=float32)

 Epoch 52: Train loss: 2.3697  Validation Loss: 2.2688, Train NSE: 0.6188, Validation NSE 0.6218
Time taken for epoch 52 is 0.13 minutes
Start of epoch 53
tf.Tensor(0.45127743, shape=(), dtype=float32)
tf.Tensor(1.2169373, shape=(), dtype=float32)
tf.Tensor(42.65697, shape=(), dtype=float32)

 Epoch 53: Train loss: 2.3914  Validation Loss: 2.0948, Train NSE: 0.7155, Validation NSE 0.6712
Time taken for epoch 53 is 0.13 minutes
Start of epoch 54
tf.Tensor(0.42542577, shape=(), dtype=float32)
tf.Tensor(1.3559531, shape=(), dtype=float32)
tf.Tensor(42.274097, shape=(), dtype=float32)

 Epoch 54: Train loss: 2.2611  Validation Loss: 2.2041, Train NSE: 0.7353, Validation NSE 0.6337
Time taken for epoch 54 is 0.12 minutes
Start of epoch 55
tf.Tensor(0.44032514, shape=(), dtype=float32)
tf.Tensor(1.3258394, shape=(), dtype=float32)
tf.Tensor(43.210846, shape=(), dtype=float32)

 Epoch 55: Train loss: 2.2939  Validation Loss: 2.1983, Train NSE: 0.7111, Validation NSE 0.6418
Time taken for epoch 55 is 0.12 minutes
Start of epoch 56
tf.Tensor(0.41731143, shape=(), dtype=float32)
tf.Tensor(1.4712604, shape=(), dtype=float32)
tf.Tensor(44.308937, shape=(), dtype=float32)

 Epoch 56: Train loss: 2.1980  Validation Loss: 2.3317, Train NSE: 0.7035, Validation NSE 0.6025
Time taken for epoch 56 is 0.13 minutes
Start of epoch 57
tf.Tensor(0.40770358, shape=(), dtype=float32)
tf.Tensor(1.1533984, shape=(), dtype=float32)
tf.Tensor(43.759598, shape=(), dtype=float32)

 Epoch 57: Train loss: 2.1694  Validation Loss: 1.9987, Train NSE: 0.7245, Validation NSE 0.6884
Time taken for epoch 57 is 0.12 minutes
Start of epoch 58
tf.Tensor(0.39200306, shape=(), dtype=float32)
tf.Tensor(1.2434019, shape=(), dtype=float32)
tf.Tensor(44.019547, shape=(), dtype=float32)

 Epoch 58: Train loss: 2.0765  Validation Loss: 2.0756, Train NSE: 0.7566, Validation NSE 0.6641
Time taken for epoch 58 is 0.13 minutes
Start of epoch 59
tf.Tensor(0.37984234, shape=(), dtype=float32)
tf.Tensor(1.3400855, shape=(), dtype=float32)
tf.Tensor(44.37926, shape=(), dtype=float32)

 Epoch 59: Train loss: 2.0527  Validation Loss: 2.1637, Train NSE: 0.7620, Validation NSE 0.6379
Time taken for epoch 59 is 0.14 minutes
Start of epoch 60
tf.Tensor(0.38202184, shape=(), dtype=float32)
tf.Tensor(1.3324822, shape=(), dtype=float32)
tf.Tensor(43.1372, shape=(), dtype=float32)

 Epoch 60: Train loss: 2.1163  Validation Loss: 2.1459, Train NSE: 0.7338, Validation NSE 0.6400
Time taken for epoch 60 is 0.31 minutes
Start of epoch 61
tf.Tensor(0.40439036, shape=(), dtype=float32)
tf.Tensor(1.4204631, shape=(), dtype=float32)
tf.Tensor(41.756683, shape=(), dtype=float32)

 Epoch 61: Train loss: 2.2348  Validation Loss: 2.2424, Train NSE: 0.7021, Validation NSE 0.6162
Time taken for epoch 61 is 0.13 minutes
Start of epoch 62
tf.Tensor(0.43548942, shape=(), dtype=float32)
tf.Tensor(1.4442692, shape=(), dtype=float32)
tf.Tensor(47.349445, shape=(), dtype=float32)

 Epoch 62: Train loss: 2.4279  Validation Loss: 2.3533, Train NSE: 0.6863, Validation NSE 0.6098
Time taken for epoch 62 is 0.13 minutes
Start of epoch 63
tf.Tensor(0.42970383, shape=(), dtype=float32)
tf.Tensor(1.5348653, shape=(), dtype=float32)
tf.Tensor(43.71876, shape=(), dtype=float32)

 Epoch 63: Train loss: 2.3567  Validation Loss: 2.4018, Train NSE: 0.7232, Validation NSE 0.5853
Time taken for epoch 63 is 0.12 minutes
Start of epoch 64
tf.Tensor(0.47028607, shape=(), dtype=float32)
tf.Tensor(1.5289372, shape=(), dtype=float32)
tf.Tensor(44.56732, shape=(), dtype=float32)

 Epoch 64: Train loss: 2.4042  Validation Loss: 2.4449, Train NSE: 0.6638, Validation NSE 0.5869
Time taken for epoch 64 is 0.13 minutes
Start of epoch 65
tf.Tensor(0.42815107, shape=(), dtype=float32)
tf.Tensor(1.5878251, shape=(), dtype=float32)
tf.Tensor(45.06912, shape=(), dtype=float32)

 Epoch 65: Train loss: 2.3755  Validation Loss: 2.4667, Train NSE: 0.6853, Validation NSE 0.5710
Time taken for epoch 65 is 0.12 minutes
Start of epoch 66
tf.Tensor(0.4350662, shape=(), dtype=float32)
tf.Tensor(1.4540485, shape=(), dtype=float32)
tf.Tensor(43.97413, shape=(), dtype=float32)

 Epoch 66: Train loss: 2.3752  Validation Loss: 2.3289, Train NSE: 0.6990, Validation NSE 0.6072
Time taken for epoch 66 is 0.12 minutes
Start of epoch 67
tf.Tensor(0.4364225, shape=(), dtype=float32)
tf.Tensor(1.4262475, shape=(), dtype=float32)
tf.Tensor(42.62779, shape=(), dtype=float32)

 Epoch 67: Train loss: 2.4033  Validation Loss: 2.2889, Train NSE: 0.6694, Validation NSE 0.6147
Time taken for epoch 67 is 0.13 minutes
Start of epoch 68
tf.Tensor(0.42313537, shape=(), dtype=float32)
tf.Tensor(1.5754818, shape=(), dtype=float32)
tf.Tensor(41.8747, shape=(), dtype=float32)

 Epoch 68: Train loss: 2.4027  Validation Loss: 2.4174, Train NSE: 0.7134, Validation NSE 0.5744
Time taken for epoch 68 is 0.13 minutes
Start of epoch 69
tf.Tensor(0.43973646, shape=(), dtype=float32)
tf.Tensor(1.5190744, shape=(), dtype=float32)
tf.Tensor(42.711086, shape=(), dtype=float32)

 Epoch 69: Train loss: 2.3166  Validation Loss: 2.3859, Train NSE: 0.7086, Validation NSE 0.5896
Time taken for epoch 69 is 0.13 minutes
Start of epoch 70
tf.Tensor(0.43328708, shape=(), dtype=float32)
tf.Tensor(1.3194164, shape=(), dtype=float32)
tf.Tensor(42.65977, shape=(), dtype=float32)

 Epoch 70: Train loss: 2.4526  Validation Loss: 2.1793, Train NSE: 0.6172, Validation NSE 0.6435
Time taken for epoch 70 is 0.32 minutes
Start of epoch 71
tf.Tensor(0.43337393, shape=(), dtype=float32)
tf.Tensor(1.3492222, shape=(), dtype=float32)
tf.Tensor(42.482212, shape=(), dtype=float32)

 Epoch 71: Train loss: 2.3903  Validation Loss: 2.2074, Train NSE: 0.7088, Validation NSE 0.6355
Time taken for epoch 71 is 0.12 minutes
Start of epoch 72
tf.Tensor(0.42376256, shape=(), dtype=float32)
tf.Tensor(1.2953695, shape=(), dtype=float32)
tf.Tensor(43.270283, shape=(), dtype=float32)

 Epoch 72: Train loss: 2.2329  Validation Loss: 2.1518, Train NSE: 0.7126, Validation NSE 0.6500
Time taken for epoch 72 is 0.13 minutes
Start of epoch 73
tf.Tensor(0.4268275, shape=(), dtype=float32)
tf.Tensor(1.2785428, shape=(), dtype=float32)
tf.Tensor(46.174862, shape=(), dtype=float32)

 Epoch 73: Train loss: 2.2099  Validation Loss: 2.1671, Train NSE: 0.7009, Validation NSE 0.6546
Time taken for epoch 73 is 0.13 minutes
Start of epoch 74
tf.Tensor(0.423258, shape=(), dtype=float32)
tf.Tensor(1.1936203, shape=(), dtype=float32)
tf.Tensor(45.35458, shape=(), dtype=float32)

 Epoch 74: Train loss: 2.2374  Validation Loss: 2.0704, Train NSE: 0.6943, Validation NSE 0.6775
Time taken for epoch 74 is 0.13 minutes
Start of epoch 75
tf.Tensor(0.3872549, shape=(), dtype=float32)
tf.Tensor(1.3982322, shape=(), dtype=float32)
tf.Tensor(44.33465, shape=(), dtype=float32)

 Epoch 75: Train loss: 2.2710  Validation Loss: 2.2288, Train NSE: 0.6812, Validation NSE 0.6222
Time taken for epoch 75 is 0.12 minutes
Start of epoch 76
tf.Tensor(0.39979786, shape=(), dtype=float32)
tf.Tensor(1.5363995, shape=(), dtype=float32)
tf.Tensor(43.267395, shape=(), dtype=float32)

 Epoch 76: Train loss: 2.4002  Validation Loss: 2.3689, Train NSE: 0.7333, Validation NSE 0.5849
Time taken for epoch 76 is 0.12 minutes
Start of epoch 77
tf.Tensor(0.46377376, shape=(), dtype=float32)
tf.Tensor(1.5955594, shape=(), dtype=float32)
tf.Tensor(46.4332, shape=(), dtype=float32)

 Epoch 77: Train loss: 2.3116  Validation Loss: 2.5237, Train NSE: 0.7100, Validation NSE 0.5689
Time taken for epoch 77 is 0.13 minutes
Start of epoch 78
tf.Tensor(0.42388546, shape=(), dtype=float32)
tf.Tensor(1.3183124, shape=(), dtype=float32)
tf.Tensor(43.558254, shape=(), dtype=float32)

 Epoch 78: Train loss: 2.7100  Validation Loss: 2.1778, Train NSE: 0.5629, Validation NSE 0.6438
Time taken for epoch 78 is 0.12 minutes
Start of epoch 79
tf.Tensor(0.46551996, shape=(), dtype=float32)
tf.Tensor(1.4799086, shape=(), dtype=float32)
tf.Tensor(44.649582, shape=(), dtype=float32)

 Epoch 79: Train loss: 2.4782  Validation Loss: 2.3919, Train NSE: 0.6810, Validation NSE 0.6002
Time taken for epoch 79 is 0.14 minutes
Start of epoch 80
tf.Tensor(0.4050926, shape=(), dtype=float32)
tf.Tensor(1.5560745, shape=(), dtype=float32)
tf.Tensor(41.784786, shape=(), dtype=float32)

 Epoch 80: Train loss: 2.4881  Validation Loss: 2.3790, Train NSE: 0.6768, Validation NSE 0.5796
Time taken for epoch 80 is 0.31 minutes
Start of epoch 81
tf.Tensor(0.44461596, shape=(), dtype=float32)
tf.Tensor(1.2750896, shape=(), dtype=float32)
tf.Tensor(46.416935, shape=(), dtype=float32)

 Epoch 81: Train loss: 2.4226  Validation Loss: 2.1839, Train NSE: 0.6877, Validation NSE 0.6555
Time taken for epoch 81 is 0.12 minutes
Start of epoch 82
tf.Tensor(0.41712582, shape=(), dtype=float32)
tf.Tensor(1.3591373, shape=(), dtype=float32)
tf.Tensor(45.196583, shape=(), dtype=float32)

 Epoch 82: Train loss: 2.2900  Validation Loss: 2.2282, Train NSE: 0.6938, Validation NSE 0.6328
Time taken for epoch 82 is 0.13 minutes
Start of epoch 83
tf.Tensor(0.40465373, shape=(), dtype=float32)
tf.Tensor(1.1998154, shape=(), dtype=float32)
tf.Tensor(45.331184, shape=(), dtype=float32)

 Epoch 83: Train loss: 2.2954  Validation Loss: 2.0578, Train NSE: 0.7078, Validation NSE 0.6758
Time taken for epoch 83 is 0.13 minutes
Start of epoch 84
tf.Tensor(0.38179684, shape=(), dtype=float32)
tf.Tensor(1.239267, shape=(), dtype=float32)
tf.Tensor(44.904587, shape=(), dtype=float32)

 Epoch 84: Train loss: 2.1661  Validation Loss: 2.0701, Train NSE: 0.7463, Validation NSE 0.6652
Time taken for epoch 84 is 0.13 minutes
Start of epoch 85
tf.Tensor(0.3591705, shape=(), dtype=float32)
tf.Tensor(1.4353082, shape=(), dtype=float32)
tf.Tensor(44.41977, shape=(), dtype=float32)

 Epoch 85: Train loss: 2.1472  Validation Loss: 2.2387, Train NSE: 0.7390, Validation NSE 0.6122
Time taken for epoch 85 is 0.13 minutes
Start of epoch 86
tf.Tensor(0.37223765, shape=(), dtype=float32)
tf.Tensor(1.3963393, shape=(), dtype=float32)
tf.Tensor(45.671913, shape=(), dtype=float32)

 Epoch 86: Train loss: 2.1587  Validation Loss: 2.2253, Train NSE: 0.7267, Validation NSE 0.6228
Time taken for epoch 86 is 0.12 minutes
Start of epoch 87
tf.Tensor(0.40790704, shape=(), dtype=float32)
tf.Tensor(1.2932462, shape=(), dtype=float32)
tf.Tensor(47.86643, shape=(), dtype=float32)

 Epoch 87: Train loss: 2.1940  Validation Loss: 2.1798, Train NSE: 0.7080, Validation NSE 0.6506
Time taken for epoch 87 is 0.12 minutes
Start of epoch 88
tf.Tensor(0.37483305, shape=(), dtype=float32)
tf.Tensor(1.1957232, shape=(), dtype=float32)
tf.Tensor(46.09604, shape=(), dtype=float32)

 Epoch 88: Train loss: 2.2134  Validation Loss: 2.0315, Train NSE: 0.7211, Validation NSE 0.6770
Time taken for epoch 88 is 0.13 minutes
Start of epoch 89
tf.Tensor(0.36525476, shape=(), dtype=float32)
tf.Tensor(1.3323154, shape=(), dtype=float32)
tf.Tensor(47.05927, shape=(), dtype=float32)

 Epoch 89: Train loss: 2.1916  Validation Loss: 2.1682, Train NSE: 0.7335, Validation NSE 0.6400
Time taken for epoch 89 is 0.14 minutes
Start of epoch 90
tf.Tensor(0.37542206, shape=(), dtype=float32)
tf.Tensor(1.2642037, shape=(), dtype=float32)
tf.Tensor(45.48396, shape=(), dtype=float32)

 Epoch 90: Train loss: 2.1964  Validation Loss: 2.0945, Train NSE: 0.7217, Validation NSE 0.6585
Time taken for epoch 90 is 0.31 minutes
Start of epoch 91
tf.Tensor(0.37446803, shape=(), dtype=float32)
tf.Tensor(1.3383839, shape=(), dtype=float32)
tf.Tensor(48.532887, shape=(), dtype=float32)

 Epoch 91: Train loss: 2.1456  Validation Loss: 2.1982, Train NSE: 0.7216, Validation NSE 0.6384
Time taken for epoch 91 is 0.13 minutes
Start of epoch 92
tf.Tensor(0.37757003, shape=(), dtype=float32)
tf.Tensor(1.182596, shape=(), dtype=float32)
tf.Tensor(47.34243, shape=(), dtype=float32)

 Epoch 92: Train loss: 2.2337  Validation Loss: 2.0336, Train NSE: 0.7090, Validation NSE 0.6805
Time taken for epoch 92 is 0.12 minutes
Start of epoch 93
tf.Tensor(0.36390835, shape=(), dtype=float32)
tf.Tensor(1.3470562, shape=(), dtype=float32)
tf.Tensor(43.865673, shape=(), dtype=float32)

 Epoch 93: Train loss: 2.1985  Validation Loss: 2.1496, Train NSE: 0.7316, Validation NSE 0.6361
Time taken for epoch 93 is 0.12 minutes
Start of epoch 94
tf.Tensor(0.38347575, shape=(), dtype=float32)
tf.Tensor(1.3977615, shape=(), dtype=float32)
tf.Tensor(47.241276, shape=(), dtype=float32)

 Epoch 94: Train loss: 2.2212  Validation Loss: 2.2536, Train NSE: 0.7523, Validation NSE 0.6224
Time taken for epoch 94 is 0.12 minutes
Start of epoch 95
tf.Tensor(0.3560991, shape=(), dtype=float32)
tf.Tensor(1.1910158, shape=(), dtype=float32)
tf.Tensor(46.378597, shape=(), dtype=float32)

 Epoch 95: Train loss: 2.1590  Validation Loss: 2.0109, Train NSE: 0.7015, Validation NSE 0.6782
Time taken for epoch 95 is 0.13 minutes
Start of epoch 96
tf.Tensor(0.36646882, shape=(), dtype=float32)
tf.Tensor(1.2189506, shape=(), dtype=float32)
tf.Tensor(48.738773, shape=(), dtype=float32)

 Epoch 96: Train loss: 2.1801  Validation Loss: 2.0728, Train NSE: 0.7307, Validation NSE 0.6707
Time taken for epoch 96 is 0.13 minutes
Start of epoch 97
tf.Tensor(0.3482134, shape=(), dtype=float32)
tf.Tensor(1.2130021, shape=(), dtype=float32)
tf.Tensor(45.515373, shape=(), dtype=float32)

 Epoch 97: Train loss: 2.1192  Validation Loss: 2.0164, Train NSE: 0.7374, Validation NSE 0.6723
Time taken for epoch 97 is 0.13 minutes
Start of epoch 98
tf.Tensor(0.34592557, shape=(), dtype=float32)
tf.Tensor(1.6726631, shape=(), dtype=float32)
tf.Tensor(46.26224, shape=(), dtype=float32)

 Epoch 98: Train loss: 2.2437  Validation Loss: 2.4812, Train NSE: 0.7384, Validation NSE 0.5481
Time taken for epoch 98 is 0.13 minutes
Start of epoch 99
tf.Tensor(0.4143991, shape=(), dtype=float32)
tf.Tensor(1.3055073, shape=(), dtype=float32)
tf.Tensor(46.19802, shape=(), dtype=float32)

 Epoch 99: Train loss: 2.2715  Validation Loss: 2.1819, Train NSE: 0.7039, Validation NSE 0.6473
Time taken for epoch 99 is 0.14 minutes
Start of epoch 100
tf.Tensor(0.3928205, shape=(), dtype=float32)
tf.Tensor(1.2892891, shape=(), dtype=float32)
tf.Tensor(45.376694, shape=(), dtype=float32)

 Epoch 100: Train loss: 2.4227  Validation Loss: 2.1359, Train NSE: 0.7126, Validation NSE 0.6517
Time taken for epoch 100 is 0.31 minutes
Start of epoch 101
tf.Tensor(0.392409, shape=(), dtype=float32)
tf.Tensor(1.3211533, shape=(), dtype=float32)
tf.Tensor(46.493652, shape=(), dtype=float32)

 Epoch 101: Train loss: 2.2827  Validation Loss: 2.1785, Train NSE: 0.7170, Validation NSE 0.6431
Time taken for epoch 101 is 0.13 minutes
Start of epoch 102
tf.Tensor(0.37699088, shape=(), dtype=float32)
tf.Tensor(1.4040518, shape=(), dtype=float32)
tf.Tensor(45.25361, shape=(), dtype=float32)

 Epoch 102: Train loss: 2.3301  Validation Loss: 2.2336, Train NSE: 0.7225, Validation NSE 0.6207
Time taken for epoch 102 is 0.13 minutes
Start of epoch 103
tf.Tensor(0.3938591, shape=(), dtype=float32)
tf.Tensor(1.2611436, shape=(), dtype=float32)
tf.Tensor(50.69594, shape=(), dtype=float32)

 Epoch 103: Train loss: 2.2000  Validation Loss: 2.1620, Train NSE: 0.7219, Validation NSE 0.6593
Time taken for epoch 103 is 0.12 minutes
Start of epoch 104
tf.Tensor(0.38131112, shape=(), dtype=float32)
tf.Tensor(1.4277614, shape=(), dtype=float32)
tf.Tensor(50.281128, shape=(), dtype=float32)

 Epoch 104: Train loss: 2.2968  Validation Loss: 2.3119, Train NSE: 0.7092, Validation NSE 0.6143
Time taken for epoch 104 is 0.13 minutes
Start of epoch 105
tf.Tensor(0.36521503, shape=(), dtype=float32)
tf.Tensor(1.2287272, shape=(), dtype=float32)
tf.Tensor(47.04277, shape=(), dtype=float32)

 Epoch 105: Train loss: 2.2667  Validation Loss: 2.0644, Train NSE: 0.6767, Validation NSE 0.6680
Time taken for epoch 105 is 0.12 minutes
Start of epoch 106
tf.Tensor(0.36280784, shape=(), dtype=float32)
tf.Tensor(1.362812, shape=(), dtype=float32)
tf.Tensor(49.714466, shape=(), dtype=float32)

 Epoch 106: Train loss: 2.2549  Validation Loss: 2.2228, Train NSE: 0.7413, Validation NSE 0.6318
Time taken for epoch 106 is 0.12 minutes
Start of epoch 107
tf.Tensor(0.34943697, shape=(), dtype=float32)
tf.Tensor(1.3905672, shape=(), dtype=float32)
tf.Tensor(45.78699, shape=(), dtype=float32)

 Epoch 107: Train loss: 2.2076  Validation Loss: 2.1979, Train NSE: 0.7065, Validation NSE 0.6243
Time taken for epoch 107 is 0.13 minutes
Start of epoch 108
tf.Tensor(0.3458424, shape=(), dtype=float32)
tf.Tensor(1.2806708, shape=(), dtype=float32)
tf.Tensor(47.280865, shape=(), dtype=float32)

 Epoch 108: Train loss: 2.1820  Validation Loss: 2.0993, Train NSE: 0.7155, Validation NSE 0.6540
Time taken for epoch 108 is 0.12 minutes
Start of epoch 109
tf.Tensor(0.3499534, shape=(), dtype=float32)
tf.Tensor(1.1684499, shape=(), dtype=float32)
tf.Tensor(47.392185, shape=(), dtype=float32)

 Epoch 109: Train loss: 2.2369  Validation Loss: 1.9923, Train NSE: 0.7041, Validation NSE 0.6843
Time taken for epoch 109 is 0.13 minutes
Start of epoch 110
tf.Tensor(0.33777893, shape=(), dtype=float32)
tf.Tensor(1.2711678, shape=(), dtype=float32)
tf.Tensor(47.118084, shape=(), dtype=float32)

 Epoch 110: Train loss: 2.1520  Validation Loss: 2.0801, Train NSE: 0.7476, Validation NSE 0.6566
Time taken for epoch 110 is 0.35 minutes
Start of epoch 111
tf.Tensor(0.3660457, shape=(), dtype=float32)
tf.Tensor(1.2139806, shape=(), dtype=float32)
tf.Tensor(47.2335, shape=(), dtype=float32)

 Epoch 111: Train loss: 2.1516  Validation Loss: 2.0524, Train NSE: 0.7342, Validation NSE 0.6720
Time taken for epoch 111 is 0.13 minutes
Start of epoch 112
tf.Tensor(0.3610887, shape=(), dtype=float32)
tf.Tensor(1.3067293, shape=(), dtype=float32)
tf.Tensor(49.314266, shape=(), dtype=float32)

 Epoch 112: Train loss: 2.1125  Validation Loss: 2.1610, Train NSE: 0.7371, Validation NSE 0.6470
Time taken for epoch 112 is 0.13 minutes
Start of epoch 113
tf.Tensor(0.36000562, shape=(), dtype=float32)
tf.Tensor(1.1118369, shape=(), dtype=float32)
tf.Tensor(47.88222, shape=(), dtype=float32)

 Epoch 113: Train loss: 2.1643  Validation Loss: 1.9507, Train NSE: 0.7123, Validation NSE 0.6996
Time taken for epoch 113 is 0.13 minutes
Start of epoch 114
tf.Tensor(0.3567962, shape=(), dtype=float32)
tf.Tensor(1.2974203, shape=(), dtype=float32)
tf.Tensor(46.73572, shape=(), dtype=float32)

 Epoch 114: Train loss: 2.2220  Validation Loss: 2.1216, Train NSE: 0.7194, Validation NSE 0.6495
Time taken for epoch 114 is 0.13 minutes
Start of epoch 115
tf.Tensor(0.37626684, shape=(), dtype=float32)
tf.Tensor(1.3810674, shape=(), dtype=float32)
tf.Tensor(47.364494, shape=(), dtype=float32)

 Epoch 115: Train loss: 2.1822  Validation Loss: 2.2310, Train NSE: 0.7328, Validation NSE 0.6269
Time taken for epoch 115 is 0.12 minutes
Start of epoch 116
tf.Tensor(0.3523246, shape=(), dtype=float32)
tf.Tensor(1.3020414, shape=(), dtype=float32)
tf.Tensor(47.41932, shape=(), dtype=float32)

 Epoch 116: Train loss: 2.1514  Validation Loss: 2.1286, Train NSE: 0.7255, Validation NSE 0.6482
Time taken for epoch 116 is 0.12 minutes
Start of epoch 117
tf.Tensor(0.38137582, shape=(), dtype=float32)
tf.Tensor(1.3186765, shape=(), dtype=float32)
tf.Tensor(50.71547, shape=(), dtype=float32)

 Epoch 117: Train loss: 2.1877  Validation Loss: 2.2072, Train NSE: 0.6927, Validation NSE 0.6437
Time taken for epoch 117 is 0.12 minutes
Start of epoch 118
tf.Tensor(0.3613738, shape=(), dtype=float32)
tf.Tensor(1.2217134, shape=(), dtype=float32)
tf.Tensor(48.394745, shape=(), dtype=float32)

 Epoch 118: Train loss: 2.1855  Validation Loss: 2.0670, Train NSE: 0.7223, Validation NSE 0.6699
Time taken for epoch 118 is 0.12 minutes
Start of epoch 119
tf.Tensor(0.35024056, shape=(), dtype=float32)
tf.Tensor(1.3980714, shape=(), dtype=float32)
tf.Tensor(47.145405, shape=(), dtype=float32)

 Epoch 119: Train loss: 2.1463  Validation Loss: 2.2198, Train NSE: 0.7412, Validation NSE 0.6223
Time taken for epoch 119 is 0.12 minutes
Start of epoch 120
tf.Tensor(0.5931494, shape=(), dtype=float32)
tf.Tensor(1.9775561, shape=(), dtype=float32)
tf.Tensor(45.60119, shape=(), dtype=float32)

 Epoch 120: Train loss: 2.4457  Validation Loss: 3.0267, Train NSE: 0.6232, Validation NSE 0.4657
Time taken for epoch 120 is 0.32 minutes
Start of epoch 121
tf.Tensor(1.0815895, shape=(), dtype=float32)
tf.Tensor(1.8659371, shape=(), dtype=float32)
tf.Tensor(45.386738, shape=(), dtype=float32)

 Epoch 121: Train loss: 3.2742  Validation Loss: 3.4014, Train NSE: 0.5527, Validation NSE 0.4959
Time taken for epoch 121 is 0.13 minutes
Start of epoch 122
tf.Tensor(1.0554278, shape=(), dtype=float32)
tf.Tensor(1.6687652, shape=(), dtype=float32)
tf.Tensor(46.761246, shape=(), dtype=float32)

 Epoch 122: Train loss: 3.4031  Validation Loss: 3.1918, Train NSE: 0.5456, Validation NSE 0.5492
Time taken for epoch 122 is 0.13 minutes
Start of epoch 123
tf.Tensor(1.0190973, shape=(), dtype=float32)
tf.Tensor(2.007461, shape=(), dtype=float32)
tf.Tensor(50.289898, shape=(), dtype=float32)

 Epoch 123: Train loss: 3.2072  Validation Loss: 3.5295, Train NSE: 0.5897, Validation NSE 0.4576
Time taken for epoch 123 is 0.13 minutes
Start of epoch 124
tf.Tensor(0.9219253, shape=(), dtype=float32)
tf.Tensor(1.5283607, shape=(), dtype=float32)
tf.Tensor(47.026257, shape=(), dtype=float32)

 Epoch 124: Train loss: 3.2656  Validation Loss: 2.9205, Train NSE: 0.6475, Validation NSE 0.5871
Time taken for epoch 124 is 0.13 minutes
Start of epoch 125
tf.Tensor(0.82071674, shape=(), dtype=float32)
tf.Tensor(1.4266193, shape=(), dtype=float32)
tf.Tensor(48.937775, shape=(), dtype=float32)

 Epoch 125: Train loss: 2.9153  Validation Loss: 2.7367, Train NSE: 0.6875, Validation NSE 0.6146
Time taken for epoch 125 is 0.13 minutes
Start of epoch 126
tf.Tensor(0.77170455, shape=(), dtype=float32)
tf.Tensor(1.4158734, shape=(), dtype=float32)
tf.Tensor(50.400272, shape=(), dtype=float32)

 Epoch 126: Train loss: 2.8096  Validation Loss: 2.6916, Train NSE: 0.6910, Validation NSE 0.6175
Time taken for epoch 126 is 0.13 minutes
Start of epoch 127
tf.Tensor(0.71250117, shape=(), dtype=float32)
tf.Tensor(1.220521, shape=(), dtype=float32)
tf.Tensor(49.584045, shape=(), dtype=float32)

 Epoch 127: Train loss: 2.6006  Validation Loss: 2.4289, Train NSE: 0.6959, Validation NSE 0.6703
Time taken for epoch 127 is 0.13 minutes
Start of epoch 128
tf.Tensor(0.63857675, shape=(), dtype=float32)
tf.Tensor(1.217382, shape=(), dtype=float32)
tf.Tensor(48.563507, shape=(), dtype=float32)

 Epoch 128: Train loss: 2.4558  Validation Loss: 2.3416, Train NSE: 0.7239, Validation NSE 0.6711
Time taken for epoch 128 is 0.13 minutes
Start of epoch 129
tf.Tensor(0.5884069, shape=(), dtype=float32)
tf.Tensor(1.1230595, shape=(), dtype=float32)
tf.Tensor(51.133266, shape=(), dtype=float32)

 Epoch 129: Train loss: 2.3977  Validation Loss: 2.2228, Train NSE: 0.7269, Validation NSE 0.6966
Time taken for epoch 129 is 0.13 minutes
Start of epoch 130
tf.Tensor(0.5489871, shape=(), dtype=float32)
tf.Tensor(1.099697, shape=(), dtype=float32)
tf.Tensor(50.33401, shape=(), dtype=float32)

 Epoch 130: Train loss: 2.3752  Validation Loss: 2.1520, Train NSE: 0.7068, Validation NSE 0.7029
Time taken for epoch 130 is 0.32 minutes
Start of epoch 131
tf.Tensor(0.5299773, shape=(), dtype=float32)
tf.Tensor(1.1192161, shape=(), dtype=float32)
tf.Tensor(49.27025, shape=(), dtype=float32)

 Epoch 131: Train loss: 2.2788  Validation Loss: 2.1419, Train NSE: 0.7512, Validation NSE 0.6976
Time taken for epoch 131 is 0.12 minutes
Start of epoch 132
tf.Tensor(0.5085978, shape=(), dtype=float32)
tf.Tensor(1.1636606, shape=(), dtype=float32)
tf.Tensor(49.57065, shape=(), dtype=float32)

 Epoch 132: Train loss: 2.2474  Validation Loss: 2.1680, Train NSE: 0.7442, Validation NSE 0.6856
Time taken for epoch 132 is 0.12 minutes
Start of epoch 133
tf.Tensor(0.48729265, shape=(), dtype=float32)
tf.Tensor(1.1682634, shape=(), dtype=float32)
tf.Tensor(48.10267, shape=(), dtype=float32)

 Epoch 133: Train loss: 2.2078  Validation Loss: 2.1366, Train NSE: 0.7431, Validation NSE 0.6844
Time taken for epoch 133 is 0.13 minutes
Start of epoch 134
tf.Tensor(0.48634368, shape=(), dtype=float32)
tf.Tensor(1.1413931, shape=(), dtype=float32)
tf.Tensor(49.715424, shape=(), dtype=float32)

 Epoch 134: Train loss: 2.2505  Validation Loss: 2.1249, Train NSE: 0.7185, Validation NSE 0.6916
Time taken for epoch 134 is 0.13 minutes
Start of epoch 135
tf.Tensor(0.46546996, shape=(), dtype=float32)
tf.Tensor(1.4182417, shape=(), dtype=float32)
tf.Tensor(49.880547, shape=(), dtype=float32)

 Epoch 135: Train loss: 2.2760  Validation Loss: 2.3825, Train NSE: 0.7230, Validation NSE 0.6168
Time taken for epoch 135 is 0.12 minutes
Start of epoch 136
tf.Tensor(0.5260014, shape=(), dtype=float32)
tf.Tensor(1.3361773, shape=(), dtype=float32)
tf.Tensor(51.51739, shape=(), dtype=float32)

 Epoch 136: Train loss: 2.3319  Validation Loss: 2.3774, Train NSE: 0.7229, Validation NSE 0.6390
Time taken for epoch 136 is 0.13 minutes
Start of epoch 137
tf.Tensor(0.5034523, shape=(), dtype=float32)
tf.Tensor(1.5617328, shape=(), dtype=float32)
tf.Tensor(49.738987, shape=(), dtype=float32)

 Epoch 137: Train loss: 2.4166  Validation Loss: 2.5626, Train NSE: 0.6905, Validation NSE 0.5781
Time taken for epoch 137 is 0.13 minutes
Start of epoch 138
tf.Tensor(0.5005303, shape=(), dtype=float32)
tf.Tensor(1.2896385, shape=(), dtype=float32)
tf.Tensor(48.309647, shape=(), dtype=float32)

 Epoch 138: Train loss: 2.4205  Validation Loss: 2.2733, Train NSE: 0.7010, Validation NSE 0.6516
Time taken for epoch 138 is 0.13 minutes
Start of epoch 139
tf.Tensor(0.47347692, shape=(), dtype=float32)
tf.Tensor(1.5452061, shape=(), dtype=float32)
tf.Tensor(47.439205, shape=(), dtype=float32)

 Epoch 139: Train loss: 2.4056  Validation Loss: 2.4931, Train NSE: 0.7269, Validation NSE 0.5825
Time taken for epoch 139 is 0.12 minutes
Start of epoch 140
tf.Tensor(0.50921327, shape=(), dtype=float32)
tf.Tensor(1.4713107, shape=(), dtype=float32)
tf.Tensor(49.836464, shape=(), dtype=float32)

 Epoch 140: Train loss: 2.4272  Validation Loss: 2.4789, Train NSE: 0.7088, Validation NSE 0.6025
Time taken for epoch 140 is 0.31 minutes
Start of epoch 141
tf.Tensor(0.48220736, shape=(), dtype=float32)
tf.Tensor(1.413182, shape=(), dtype=float32)
tf.Tensor(48.312588, shape=(), dtype=float32)

 Epoch 141: Train loss: 2.4851  Validation Loss: 2.3785, Train NSE: 0.7016, Validation NSE 0.6182
Time taken for epoch 141 is 0.12 minutes
Start of epoch 142
tf.Tensor(0.49624225, shape=(), dtype=float32)
tf.Tensor(1.3707701, shape=(), dtype=float32)
tf.Tensor(47.11325, shape=(), dtype=float32)

 Epoch 142: Train loss: 2.5335  Validation Loss: 2.3381, Train NSE: 0.6554, Validation NSE 0.6297
Time taken for epoch 142 is 0.13 minutes
Start of epoch 143
tf.Tensor(0.48693404, shape=(), dtype=float32)
tf.Tensor(1.7109004, shape=(), dtype=float32)
tf.Tensor(50.06801, shape=(), dtype=float32)

 Epoch 143: Train loss: 2.6139  Validation Loss: 2.6985, Train NSE: 0.6955, Validation NSE 0.5378
Time taken for epoch 143 is 0.12 minutes
Start of epoch 144
tf.Tensor(0.47696304, shape=(), dtype=float32)
tf.Tensor(1.4117955, shape=(), dtype=float32)
tf.Tensor(47.659374, shape=(), dtype=float32)

 Epoch 144: Train loss: 2.4037  Validation Loss: 2.3654, Train NSE: 0.6663, Validation NSE 0.6186
Time taken for epoch 144 is 0.13 minutes
Start of epoch 145
tf.Tensor(0.45572823, shape=(), dtype=float32)
tf.Tensor(1.1351361, shape=(), dtype=float32)
tf.Tensor(49.960827, shape=(), dtype=float32)

 Epoch 145: Train loss: 2.4259  Validation Loss: 2.0905, Train NSE: 0.6924, Validation NSE 0.6933
Time taken for epoch 145 is 0.13 minutes
Start of epoch 146
tf.Tensor(0.4220552, shape=(), dtype=float32)
tf.Tensor(1.1783003, shape=(), dtype=float32)
tf.Tensor(48.590996, shape=(), dtype=float32)

 Epoch 146: Train loss: 2.2747  Validation Loss: 2.0863, Train NSE: 0.7023, Validation NSE 0.6817
Time taken for epoch 146 is 0.14 minutes
Start of epoch 147
tf.Tensor(0.40424982, shape=(), dtype=float32)
tf.Tensor(1.1775143, shape=(), dtype=float32)
tf.Tensor(48.84236, shape=(), dtype=float32)

 Epoch 147: Train loss: 2.2454  Validation Loss: 2.0702, Train NSE: 0.7379, Validation NSE 0.6819
Time taken for epoch 147 is 0.13 minutes
Start of epoch 148
tf.Tensor(0.40390807, shape=(), dtype=float32)
tf.Tensor(1.2630754, shape=(), dtype=float32)
tf.Tensor(49.479645, shape=(), dtype=float32)

 Epoch 148: Train loss: 2.1747  Validation Loss: 2.1618, Train NSE: 0.7216, Validation NSE 0.6588
Time taken for epoch 148 is 0.13 minutes
Start of epoch 149
tf.Tensor(0.40765148, shape=(), dtype=float32)
tf.Tensor(1.1966004, shape=(), dtype=float32)
tf.Tensor(48.43594, shape=(), dtype=float32)

 Epoch 149: Train loss: 2.2860  Validation Loss: 2.0886, Train NSE: 0.6820, Validation NSE 0.6767
Time taken for epoch 149 is 0.13 minutes
Start of epoch 150
tf.Tensor(0.4155205, shape=(), dtype=float32)
tf.Tensor(1.2426541, shape=(), dtype=float32)
tf.Tensor(48.593456, shape=(), dtype=float32)

 Epoch 150: Train loss: 2.2325  Validation Loss: 2.1441, Train NSE: 0.7513, Validation NSE 0.6643
Time taken for epoch 150 is 0.32 minutes
Start of epoch 151
tf.Tensor(0.4024678, shape=(), dtype=float32)
tf.Tensor(1.2455308, shape=(), dtype=float32)
tf.Tensor(47.274975, shape=(), dtype=float32)

 Epoch 151: Train loss: 2.1616  Validation Loss: 2.1207, Train NSE: 0.7307, Validation NSE 0.6635
Time taken for epoch 151 is 0.12 minutes
Start of epoch 152
tf.Tensor(0.41591233, shape=(), dtype=float32)
tf.Tensor(1.1794574, shape=(), dtype=float32)
tf.Tensor(48.338333, shape=(), dtype=float32)

 Epoch 152: Train loss: 2.1578  Validation Loss: 2.0788, Train NSE: 0.7250, Validation NSE 0.6813
Time taken for epoch 152 is 0.12 minutes
Start of epoch 153
tf.Tensor(0.39938605, shape=(), dtype=float32)
tf.Tensor(1.2757643, shape=(), dtype=float32)
tf.Tensor(49.454174, shape=(), dtype=float32)

 Epoch 153: Train loss: 2.1944  Validation Loss: 2.1697, Train NSE: 0.7417, Validation NSE 0.6553
Time taken for epoch 153 is 0.13 minutes
Start of epoch 154
tf.Tensor(0.38266402, shape=(), dtype=float32)
tf.Tensor(1.2817397, shape=(), dtype=float32)
tf.Tensor(47.434765, shape=(), dtype=float32)

 Epoch 154: Train loss: 2.1339  Validation Loss: 2.1388, Train NSE: 0.7435, Validation NSE 0.6537
Time taken for epoch 154 is 0.13 minutes
Start of epoch 155
tf.Tensor(0.40754825, shape=(), dtype=float32)
tf.Tensor(1.1679801, shape=(), dtype=float32)
tf.Tensor(47.41916, shape=(), dtype=float32)

 Epoch 155: Train loss: 2.1327  Validation Loss: 2.0497, Train NSE: 0.7330, Validation NSE 0.6844
Time taken for epoch 155 is 0.13 minutes
Start of epoch 156
tf.Tensor(0.39074057, shape=(), dtype=float32)
tf.Tensor(1.1749804, shape=(), dtype=float32)
tf.Tensor(48.50155, shape=(), dtype=float32)

 Epoch 156: Train loss: 2.1153  Validation Loss: 2.0507, Train NSE: 0.7475, Validation NSE 0.6826
Time taken for epoch 156 is 0.12 minutes
Start of epoch 157
tf.Tensor(0.38586584, shape=(), dtype=float32)
tf.Tensor(1.1672567, shape=(), dtype=float32)
tf.Tensor(48.27719, shape=(), dtype=float32)

 Epoch 157: Train loss: 2.0772  Validation Loss: 2.0359, Train NSE: 0.7251, Validation NSE 0.6846
Time taken for epoch 157 is 0.12 minutes
Start of epoch 158
tf.Tensor(0.3685854, shape=(), dtype=float32)
tf.Tensor(1.2054732, shape=(), dtype=float32)
tf.Tensor(48.684742, shape=(), dtype=float32)

 Epoch 158: Train loss: 2.1368  Validation Loss: 2.0609, Train NSE: 0.7646, Validation NSE 0.6743
Time taken for epoch 158 is 0.12 minutes
Start of epoch 159
tf.Tensor(0.3796534, shape=(), dtype=float32)
tf.Tensor(1.2359145, shape=(), dtype=float32)
tf.Tensor(48.392273, shape=(), dtype=float32)

 Epoch 159: Train loss: 2.0931  Validation Loss: 2.0995, Train NSE: 0.7398, Validation NSE 0.6661
Time taken for epoch 159 is 0.13 minutes
Start of epoch 160
tf.Tensor(0.39871007, shape=(), dtype=float32)
tf.Tensor(1.28343, shape=(), dtype=float32)
tf.Tensor(50.92189, shape=(), dtype=float32)

 Epoch 160: Train loss: 2.2568  Validation Loss: 2.1914, Train NSE: 0.7076, Validation NSE 0.6533
Time taken for epoch 160 is 0.32 minutes
Start of epoch 161
tf.Tensor(0.40369695, shape=(), dtype=float32)
tf.Tensor(1.3544842, shape=(), dtype=float32)
tf.Tensor(49.725433, shape=(), dtype=float32)

 Epoch 161: Train loss: 2.2779  Validation Loss: 2.2554, Train NSE: 0.7228, Validation NSE 0.6341
Time taken for epoch 161 is 0.13 minutes
Start of epoch 162
tf.Tensor(0.41551054, shape=(), dtype=float32)
tf.Tensor(1.2569727, shape=(), dtype=float32)
tf.Tensor(48.348576, shape=(), dtype=float32)

 Epoch 162: Train loss: 2.2457  Validation Loss: 2.1560, Train NSE: 0.7229, Validation NSE 0.6604
Time taken for epoch 162 is 0.12 minutes
Start of epoch 163
tf.Tensor(0.39890575, shape=(), dtype=float32)
tf.Tensor(1.2628542, shape=(), dtype=float32)
tf.Tensor(48.939056, shape=(), dtype=float32)

 Epoch 163: Train loss: 2.2551  Validation Loss: 2.1512, Train NSE: 0.7273, Validation NSE 0.6588
Time taken for epoch 163 is 0.13 minutes
Start of epoch 164
tf.Tensor(0.39310104, shape=(), dtype=float32)
tf.Tensor(1.2105304, shape=(), dtype=float32)
tf.Tensor(50.9212, shape=(), dtype=float32)

 Epoch 164: Train loss: 2.1785  Validation Loss: 2.1128, Train NSE: 0.7390, Validation NSE 0.6730
Time taken for epoch 164 is 0.12 minutes
Start of epoch 165
tf.Tensor(0.357538, shape=(), dtype=float32)
tf.Tensor(1.1793388, shape=(), dtype=float32)
tf.Tensor(48.689686, shape=(), dtype=float32)

 Epoch 165: Train loss: 2.1329  Validation Loss: 2.0238, Train NSE: 0.7404, Validation NSE 0.6814
Time taken for epoch 165 is 0.12 minutes
Start of epoch 166
tf.Tensor(0.36958414, shape=(), dtype=float32)
tf.Tensor(1.3132824, shape=(), dtype=float32)
tf.Tensor(50.136448, shape=(), dtype=float32)

 Epoch 166: Train loss: 2.1723  Validation Loss: 2.1842, Train NSE: 0.7299, Validation NSE 0.6452
Time taken for epoch 166 is 0.12 minutes
Start of epoch 167
tf.Tensor(0.39146766, shape=(), dtype=float32)
tf.Tensor(1.3768293, shape=(), dtype=float32)
tf.Tensor(51.779987, shape=(), dtype=float32)

 Epoch 167: Train loss: 2.1235  Validation Loss: 2.2861, Train NSE: 0.7476, Validation NSE 0.6280
Time taken for epoch 167 is 0.13 minutes
Start of epoch 168
tf.Tensor(0.3468425, shape=(), dtype=float32)
tf.Tensor(1.2192439, shape=(), dtype=float32)
tf.Tensor(48.482693, shape=(), dtype=float32)

 Epoch 168: Train loss: 2.1406  Validation Loss: 2.0509, Train NSE: 0.7134, Validation NSE 0.6706
Time taken for epoch 168 is 0.12 minutes
Start of epoch 169
tf.Tensor(0.33922392, shape=(), dtype=float32)
tf.Tensor(1.3103092, shape=(), dtype=float32)
tf.Tensor(46.99038, shape=(), dtype=float32)

 Epoch 169: Train loss: 2.0537  Validation Loss: 2.1194, Train NSE: 0.7513, Validation NSE 0.6460
Time taken for epoch 169 is 0.12 minutes
Start of epoch 170
tf.Tensor(0.34762567, shape=(), dtype=float32)
tf.Tensor(1.1871312, shape=(), dtype=float32)
tf.Tensor(50.008728, shape=(), dtype=float32)

 Epoch 170: Train loss: 2.0607  Validation Loss: 2.0348, Train NSE: 0.7507, Validation NSE 0.6793
Time taken for epoch 170 is 0.32 minutes
Start of epoch 171
tf.Tensor(0.3334732, shape=(), dtype=float32)
tf.Tensor(1.2629932, shape=(), dtype=float32)
tf.Tensor(49.98052, shape=(), dtype=float32)

 Epoch 171: Train loss: 2.0018  Validation Loss: 2.0963, Train NSE: 0.7528, Validation NSE 0.6588
Time taken for epoch 171 is 0.13 minutes
Start of epoch 172
tf.Tensor(0.330136, shape=(), dtype=float32)
tf.Tensor(1.2744455, shape=(), dtype=float32)
tf.Tensor(47.712105, shape=(), dtype=float32)

 Epoch 172: Train loss: 2.0039  Validation Loss: 2.0817, Train NSE: 0.7544, Validation NSE 0.6557
Time taken for epoch 172 is 0.13 minutes
Start of epoch 173
tf.Tensor(0.33353806, shape=(), dtype=float32)
tf.Tensor(1.3486785, shape=(), dtype=float32)
tf.Tensor(47.485054, shape=(), dtype=float32)

 Epoch 173: Train loss: 1.9943  Validation Loss: 2.1571, Train NSE: 0.7624, Validation NSE 0.6356
Time taken for epoch 173 is 0.13 minutes
Start of epoch 174
tf.Tensor(0.35138163, shape=(), dtype=float32)
tf.Tensor(1.3272287, shape=(), dtype=float32)
tf.Tensor(48.934383, shape=(), dtype=float32)

 Epoch 174: Train loss: 2.0161  Validation Loss: 2.1680, Train NSE: 0.7555, Validation NSE 0.6414
Time taken for epoch 174 is 0.13 minutes
Start of epoch 175
tf.Tensor(0.36850795, shape=(), dtype=float32)
tf.Tensor(1.2008234, shape=(), dtype=float32)
tf.Tensor(49.182747, shape=(), dtype=float32)

 Epoch 175: Train loss: 2.1047  Validation Loss: 2.0612, Train NSE: 0.7200, Validation NSE 0.6756
Time taken for epoch 175 is 0.13 minutes
Start of epoch 176
tf.Tensor(0.37440112, shape=(), dtype=float32)
tf.Tensor(1.1623008, shape=(), dtype=float32)
tf.Tensor(49.39366, shape=(), dtype=float32)

 Epoch 176: Train loss: 2.1385  Validation Loss: 2.0306, Train NSE: 0.7471, Validation NSE 0.6860
Time taken for epoch 176 is 0.12 minutes
Start of epoch 177
tf.Tensor(0.36394483, shape=(), dtype=float32)
tf.Tensor(1.2577327, shape=(), dtype=float32)
tf.Tensor(47.54663, shape=(), dtype=float32)

 Epoch 177: Train loss: 2.0595  Validation Loss: 2.0971, Train NSE: 0.7532, Validation NSE 0.6602
Time taken for epoch 177 is 0.13 minutes
Start of epoch 178
tf.Tensor(0.37299976, shape=(), dtype=float32)
tf.Tensor(1.2334442, shape=(), dtype=float32)
tf.Tensor(48.656345, shape=(), dtype=float32)

 Epoch 178: Train loss: 2.0989  Validation Loss: 2.0930, Train NSE: 0.7440, Validation NSE 0.6668
Time taken for epoch 178 is 0.13 minutes
Start of epoch 179
tf.Tensor(0.3722904, shape=(), dtype=float32)
tf.Tensor(1.3105901, shape=(), dtype=float32)
tf.Tensor(50.625275, shape=(), dtype=float32)

 Epoch 179: Train loss: 2.1662  Validation Loss: 2.1891, Train NSE: 0.7102, Validation NSE 0.6459
Time taken for epoch 179 is 0.13 minutes
Start of epoch 180
tf.Tensor(0.38213933, shape=(), dtype=float32)
tf.Tensor(1.313729, shape=(), dtype=float32)
tf.Tensor(47.445827, shape=(), dtype=float32)

 Epoch 180: Train loss: 2.1964  Validation Loss: 2.1703, Train NSE: 0.7281, Validation NSE 0.6451
Time taken for epoch 180 is 0.32 minutes
Start of epoch 181
tf.Tensor(0.37916106, shape=(), dtype=float32)
tf.Tensor(1.4032122, shape=(), dtype=float32)
tf.Tensor(46.305153, shape=(), dtype=float32)

 Epoch 181: Train loss: 2.1731  Validation Loss: 2.2454, Train NSE: 0.7406, Validation NSE 0.6209
Time taken for epoch 181 is 0.13 minutes
Start of epoch 182
tf.Tensor(0.36800003, shape=(), dtype=float32)
tf.Tensor(1.2535841, shape=(), dtype=float32)
tf.Tensor(48.487747, shape=(), dtype=float32)

 Epoch 182: Train loss: 2.1245  Validation Loss: 2.1065, Train NSE: 0.7239, Validation NSE 0.6613
Time taken for epoch 182 is 0.13 minutes
Start of epoch 183
tf.Tensor(0.3644512, shape=(), dtype=float32)
tf.Tensor(1.2062644, shape=(), dtype=float32)
tf.Tensor(49.971844, shape=(), dtype=float32)

 Epoch 183: Train loss: 2.0527  Validation Loss: 2.0704, Train NSE: 0.7587, Validation NSE 0.6741
Time taken for epoch 183 is 0.13 minutes
Start of epoch 184
tf.Tensor(0.34838358, shape=(), dtype=float32)
tf.Tensor(1.150052, shape=(), dtype=float32)
tf.Tensor(50.44877, shape=(), dtype=float32)

 Epoch 184: Train loss: 2.0082  Validation Loss: 2.0029, Train NSE: 0.7600, Validation NSE 0.6893
Time taken for epoch 184 is 0.13 minutes
Start of epoch 185
tf.Tensor(0.31788737, shape=(), dtype=float32)
tf.Tensor(1.1235986, shape=(), dtype=float32)
tf.Tensor(47.25561, shape=(), dtype=float32)

 Epoch 185: Train loss: 2.0232  Validation Loss: 1.9140, Train NSE: 0.7068, Validation NSE 0.6964
Time taken for epoch 185 is 0.12 minutes
Start of epoch 186
tf.Tensor(0.31913263, shape=(), dtype=float32)
tf.Tensor(1.2146946, shape=(), dtype=float32)
tf.Tensor(47.88582, shape=(), dtype=float32)

 Epoch 186: Train loss: 2.0062  Validation Loss: 2.0127, Train NSE: 0.7630, Validation NSE 0.6718
Time taken for epoch 186 is 0.13 minutes
Start of epoch 187
tf.Tensor(0.3371161, shape=(), dtype=float32)
tf.Tensor(1.3357704, shape=(), dtype=float32)
tf.Tensor(49.511623, shape=(), dtype=float32)

 Epoch 187: Train loss: 2.0081  Validation Loss: 2.1680, Train NSE: 0.7525, Validation NSE 0.6391
Time taken for epoch 187 is 0.12 minutes
Start of epoch 188
tf.Tensor(0.326712, shape=(), dtype=float32)
tf.Tensor(1.2457715, shape=(), dtype=float32)
tf.Tensor(48.94711, shape=(), dtype=float32)

 Epoch 188: Train loss: 1.9895  Validation Loss: 2.0620, Train NSE: 0.7500, Validation NSE 0.6634
Time taken for epoch 188 is 0.12 minutes
Start of epoch 189
tf.Tensor(0.32826304, shape=(), dtype=float32)
tf.Tensor(1.2309841, shape=(), dtype=float32)
tf.Tensor(48.315453, shape=(), dtype=float32)

 Epoch 189: Train loss: 2.0267  Validation Loss: 2.0424, Train NSE: 0.7294, Validation NSE 0.6674
Time taken for epoch 189 is 0.14 minutes
Start of epoch 190
tf.Tensor(0.340209, shape=(), dtype=float32)
tf.Tensor(1.2550039, shape=(), dtype=float32)
tf.Tensor(48.896988, shape=(), dtype=float32)

 Epoch 190: Train loss: 2.0703  Validation Loss: 2.0842, Train NSE: 0.7427, Validation NSE 0.6609
Time taken for epoch 190 is 0.31 minutes
Start of epoch 191
tf.Tensor(0.342995, shape=(), dtype=float32)
tf.Tensor(1.2783989, shape=(), dtype=float32)
tf.Tensor(48.781357, shape=(), dtype=float32)

 Epoch 191: Train loss: 2.0394  Validation Loss: 2.1092, Train NSE: 0.7570, Validation NSE 0.6546
Time taken for epoch 191 is 0.12 minutes
Start of epoch 192
tf.Tensor(0.34921473, shape=(), dtype=float32)
tf.Tensor(1.1404369, shape=(), dtype=float32)
tf.Tensor(48.019062, shape=(), dtype=float32)

 Epoch 192: Train loss: 2.0434  Validation Loss: 1.9698, Train NSE: 0.7261, Validation NSE 0.6919
Time taken for epoch 192 is 0.12 minutes
Start of epoch 193
tf.Tensor(0.3428936, shape=(), dtype=float32)
tf.Tensor(1.1121129, shape=(), dtype=float32)
tf.Tensor(48.14204, shape=(), dtype=float32)

 Epoch 193: Train loss: 2.0173  Validation Loss: 1.9364, Train NSE: 0.7725, Validation NSE 0.6995
Time taken for epoch 193 is 0.12 minutes
Start of epoch 194
tf.Tensor(0.34689736, shape=(), dtype=float32)
tf.Tensor(1.2607878, shape=(), dtype=float32)
tf.Tensor(48.718914, shape=(), dtype=float32)

 Epoch 194: Train loss: 1.9650  Validation Loss: 2.0949, Train NSE: 0.7738, Validation NSE 0.6594
Time taken for epoch 194 is 0.13 minutes
Start of epoch 195
tf.Tensor(0.35254303, shape=(), dtype=float32)
tf.Tensor(1.3097037, shape=(), dtype=float32)
tf.Tensor(47.882915, shape=(), dtype=float32)

 Epoch 195: Train loss: 2.0126  Validation Loss: 2.1411, Train NSE: 0.7558, Validation NSE 0.6462
Time taken for epoch 195 is 0.13 minutes
Start of epoch 196
tf.Tensor(0.36432543, shape=(), dtype=float32)
tf.Tensor(1.145609, shape=(), dtype=float32)
tf.Tensor(48.37496, shape=(), dtype=float32)

 Epoch 196: Train loss: 2.0581  Validation Loss: 1.9937, Train NSE: 0.7433, Validation NSE 0.6905
Time taken for epoch 196 is 0.13 minutes
Start of epoch 197
tf.Tensor(0.36194527, shape=(), dtype=float32)
tf.Tensor(1.1991076, shape=(), dtype=float32)
tf.Tensor(48.357502, shape=(), dtype=float32)

 Epoch 197: Train loss: 2.0245  Validation Loss: 2.0446, Train NSE: 0.7754, Validation NSE 0.6760
Time taken for epoch 197 is 0.13 minutes
Start of epoch 198
tf.Tensor(0.35601458, shape=(), dtype=float32)
tf.Tensor(1.3416277, shape=(), dtype=float32)
tf.Tensor(47.900105, shape=(), dtype=float32)

 Epoch 198: Train loss: 2.0232  Validation Loss: 2.1766, Train NSE: 0.7693, Validation NSE 0.6375
Time taken for epoch 198 is 0.13 minutes
Start of epoch 199
tf.Tensor(0.34385997, shape=(), dtype=float32)
tf.Tensor(1.208683, shape=(), dtype=float32)
tf.Tensor(47.966644, shape=(), dtype=float32)

 Epoch 199: Train loss: 2.0475  Validation Loss: 2.0322, Train NSE: 0.7157, Validation NSE 0.6735
Time taken for epoch 199 is 0.13 minutes
Start of epoch 200
tf.Tensor(0.35912967, shape=(), dtype=float32)
tf.Tensor(1.2435019, shape=(), dtype=float32)
tf.Tensor(46.600246, shape=(), dtype=float32)

 Epoch 200: Train loss: 2.0750  Validation Loss: 2.0686, Train NSE: 0.7656, Validation NSE 0.6640
Time taken for epoch 200 is 0.32 minutes
Start of epoch 201
tf.Tensor(0.35354388, shape=(), dtype=float32)
tf.Tensor(1.3018314, shape=(), dtype=float32)
tf.Tensor(46.588, shape=(), dtype=float32)

 Epoch 201: Train loss: 2.0252  Validation Loss: 2.1213, Train NSE: 0.7794, Validation NSE 0.6483
Time taken for epoch 201 is 0.13 minutes
Start of epoch 202
tf.Tensor(0.35022634, shape=(), dtype=float32)
tf.Tensor(1.2178787, shape=(), dtype=float32)
tf.Tensor(47.017113, shape=(), dtype=float32)

 Epoch 202: Train loss: 2.0145  Validation Loss: 2.0383, Train NSE: 0.7329, Validation NSE 0.6710
Time taken for epoch 202 is 0.12 minutes
Start of epoch 203
tf.Tensor(0.34648252, shape=(), dtype=float32)
tf.Tensor(1.1877798, shape=(), dtype=float32)
tf.Tensor(47.69953, shape=(), dtype=float32)

 Epoch 203: Train loss: 2.0167  Validation Loss: 2.0113, Train NSE: 0.7651, Validation NSE 0.6791
Time taken for epoch 203 is 0.12 minutes
Start of epoch 204
tf.Tensor(0.33851814, shape=(), dtype=float32)
tf.Tensor(1.2661514, shape=(), dtype=float32)
tf.Tensor(47.18374, shape=(), dtype=float32)

 Epoch 204: Train loss: 1.9587  Validation Loss: 2.0765, Train NSE: 0.7814, Validation NSE 0.6579
Time taken for epoch 204 is 0.13 minutes
Start of epoch 205
tf.Tensor(0.34926808, shape=(), dtype=float32)
tf.Tensor(1.1782489, shape=(), dtype=float32)
tf.Tensor(47.588276, shape=(), dtype=float32)

 Epoch 205: Train loss: 1.9917  Validation Loss: 2.0034, Train NSE: 0.7393, Validation NSE 0.6817
Time taken for epoch 205 is 0.12 minutes
Start of epoch 206
tf.Tensor(0.35733, shape=(), dtype=float32)
tf.Tensor(1.2024914, shape=(), dtype=float32)
tf.Tensor(47.883446, shape=(), dtype=float32)

 Epoch 206: Train loss: 2.0396  Validation Loss: 2.0387, Train NSE: 0.7437, Validation NSE 0.6751
Time taken for epoch 206 is 0.13 minutes
Start of epoch 207
tf.Tensor(0.34147748, shape=(), dtype=float32)
tf.Tensor(1.2206031, shape=(), dtype=float32)
tf.Tensor(47.64939, shape=(), dtype=float32)

 Epoch 207: Train loss: 2.0710  Validation Loss: 2.0386, Train NSE: 0.7645, Validation NSE 0.6702
Time taken for epoch 207 is 0.12 minutes
Start of epoch 208
tf.Tensor(0.3565011, shape=(), dtype=float32)
tf.Tensor(1.1617811, shape=(), dtype=float32)
tf.Tensor(50.15958, shape=(), dtype=float32)

 Epoch 208: Train loss: 1.9918  Validation Loss: 2.0199, Train NSE: 0.7470, Validation NSE 0.6861
Time taken for epoch 208 is 0.12 minutes
Start of epoch 209
tf.Tensor(0.35594496, shape=(), dtype=float32)
tf.Tensor(1.2538034, shape=(), dtype=float32)
tf.Tensor(47.65706, shape=(), dtype=float32)

 Epoch 209: Train loss: 1.9918  Validation Loss: 2.0863, Train NSE: 0.7499, Validation NSE 0.6613
Time taken for epoch 209 is 0.15 minutes
Start of epoch 210
tf.Tensor(0.33725372, shape=(), dtype=float32)
tf.Tensor(1.1370424, shape=(), dtype=float32)
tf.Tensor(47.89085, shape=(), dtype=float32)

 Epoch 210: Train loss: 2.0020  Validation Loss: 1.9532, Train NSE: 0.7639, Validation NSE 0.6928
Time taken for epoch 210 is 0.32 minutes
Start of epoch 211
tf.Tensor(0.33539888, shape=(), dtype=float32)
tf.Tensor(1.1246489, shape=(), dtype=float32)
tf.Tensor(47.419125, shape=(), dtype=float32)

 Epoch 211: Train loss: 1.9739  Validation Loss: 1.9342, Train NSE: 0.7567, Validation NSE 0.6962
Time taken for epoch 211 is 0.12 minutes
Start of epoch 212
tf.Tensor(0.34063452, shape=(), dtype=float32)
tf.Tensor(1.1683642, shape=(), dtype=float32)
tf.Tensor(47.15167, shape=(), dtype=float32)

 Epoch 212: Train loss: 1.9506  Validation Loss: 1.9805, Train NSE: 0.7623, Validation NSE 0.6843
Time taken for epoch 212 is 0.12 minutes
Start of epoch 213
tf.Tensor(0.333612, shape=(), dtype=float32)
tf.Tensor(1.2530336, shape=(), dtype=float32)
tf.Tensor(47.10478, shape=(), dtype=float32)

 Epoch 213: Train loss: 1.9479  Validation Loss: 2.0577, Train NSE: 0.7732, Validation NSE 0.6615
Time taken for epoch 213 is 0.13 minutes
Start of epoch 214
tf.Tensor(0.33387637, shape=(), dtype=float32)
tf.Tensor(1.1323467, shape=(), dtype=float32)
tf.Tensor(46.794914, shape=(), dtype=float32)

 Epoch 214: Train loss: 2.0193  Validation Loss: 1.9342, Train NSE: 0.7295, Validation NSE 0.6941
Time taken for epoch 214 is 0.13 minutes
Start of epoch 215
tf.Tensor(0.3332867, shape=(), dtype=float32)
tf.Tensor(1.2780359, shape=(), dtype=float32)
tf.Tensor(47.8263, shape=(), dtype=float32)

 Epoch 215: Train loss: 2.0487  Validation Loss: 2.0896, Train NSE: 0.7368, Validation NSE 0.6547
Time taken for epoch 215 is 0.12 minutes
Start of epoch 216
tf.Tensor(0.34748977, shape=(), dtype=float32)
tf.Tensor(1.626623, shape=(), dtype=float32)
tf.Tensor(49.308598, shape=(), dtype=float32)

 Epoch 216: Train loss: 2.1493  Validation Loss: 2.4672, Train NSE: 0.7103, Validation NSE 0.5605
Time taken for epoch 216 is 0.13 minutes
Start of epoch 217
tf.Tensor(0.37134945, shape=(), dtype=float32)
tf.Tensor(1.3277142, shape=(), dtype=float32)
tf.Tensor(50.215946, shape=(), dtype=float32)

 Epoch 217: Train loss: 2.1867  Validation Loss: 2.2012, Train NSE: 0.6744, Validation NSE 0.6413
Time taken for epoch 217 is 0.12 minutes
Start of epoch 218
tf.Tensor(0.3611968, shape=(), dtype=float32)
tf.Tensor(1.2246945, shape=(), dtype=float32)
tf.Tensor(48.769623, shape=(), dtype=float32)

 Epoch 218: Train loss: 2.1187  Validation Loss: 2.0736, Train NSE: 0.7367, Validation NSE 0.6691
Time taken for epoch 218 is 0.13 minutes
Start of epoch 219
tf.Tensor(0.34746945, shape=(), dtype=float32)
tf.Tensor(1.1317966, shape=(), dtype=float32)
tf.Tensor(49.32669, shape=(), dtype=float32)

 Epoch 219: Train loss: 2.0374  Validation Loss: 1.9725, Train NSE: 0.7679, Validation NSE 0.6942
Time taken for epoch 219 is 0.12 minutes
Start of epoch 220
tf.Tensor(0.33746767, shape=(), dtype=float32)
tf.Tensor(1.1568841, shape=(), dtype=float32)
